kotlin version: 2.1.10
error message: java.lang.OutOfMemoryError: Java heap space
	at java.base/java.lang.StringBuilder.toString(StringBuilder.java:475)
	at org.jetbrains.kotlin.ir.util.RenderIrElementKt.renderClassFqn(RenderIrElement.kt:604)
	at org.jetbrains.kotlin.ir.util.RenderIrElementKt.renderClassifierFqn(RenderIrElement.kt:589)
	at org.jetbrains.kotlin.ir.util.RenderIrElementKt.renderTypeInner(RenderIrElement.kt:805)
	at org.jetbrains.kotlin.ir.util.RenderIrElementKt.renderTypeWithRenderer(RenderIrElement.kt:791)
	at org.jetbrains.kotlin.ir.util.RenderIrElementKt.render(RenderIrElement.kt:652)
	at org.jetbrains.kotlin.ir.util.RenderIrElementKt.render$default(RenderIrElement.kt:651)
	at org.jetbrains.kotlin.backend.wasm.ir2wasm.BodyGenerator.visitSetValue(BodyGenerator.kt:529)
	at org.jetbrains.kotlin.ir.visitors.IrElementVisitorVoid$DefaultImpls.visitSetValue(IrElementVisitorVoid.kt:656)
	at org.jetbrains.kotlin.backend.wasm.ir2wasm.BodyGenerator.visitSetValue(BodyGenerator.kt:32)
	at org.jetbrains.kotlin.backend.wasm.ir2wasm.BodyGenerator.visitSetValue(BodyGenerator.kt:32)
	at org.jetbrains.kotlin.ir.expressions.IrSetValue.accept(IrSetValue.kt:21)
	at org.jetbrains.kotlin.ir.visitors.IrVisitorsKt.acceptVoid(IrVisitors.kt:11)
	at org.jetbrains.kotlin.backend.wasm.ir2wasm.BodyGenerator.generateExpression$backend_wasm(BodyGenerator.kt:65)
	at org.jetbrains.kotlin.backend.wasm.ir2wasm.BodyGenerator.generateAsStatement(BodyGenerator.kt:75)
	at org.jetbrains.kotlin.backend.wasm.ir2wasm.BodyGenerator.generateStatement(BodyGenerator.kt:83)
	at org.jetbrains.kotlin.backend.wasm.ir2wasm.BodyGenerator.visitBlockBody(BodyGenerator.kt:932)
	at org.jetbrains.kotlin.ir.visitors.IrElementVisitorVoid$DefaultImpls.visitBlockBody(IrElementVisitorVoid.kt:216)
	at org.jetbrains.kotlin.backend.wasm.ir2wasm.BodyGenerator.visitBlockBody(BodyGenerator.kt:32)
	at org.jetbrains.kotlin.backend.wasm.ir2wasm.BodyGenerator.visitBlockBody(BodyGenerator.kt:32)
	at org.jetbrains.kotlin.ir.expressions.IrBlockBody.accept(IrBlockBody.kt:20)
	at org.jetbrains.kotlin.ir.visitors.IrVisitorsKt.acceptVoid(IrVisitors.kt:11)
	at org.jetbrains.kotlin.backend.wasm.ir2wasm.DeclarationGenerator.visitFunction(DeclarationGenerator.kt:154)
	at org.jetbrains.kotlin.ir.visitors.IrElementVisitorVoid$DefaultImpls.visitSimpleFunction(IrElementVisitorVoid.kt:148)
	at org.jetbrains.kotlin.backend.wasm.ir2wasm.DeclarationGenerator.visitSimpleFunction(DeclarationGenerator.kt:30)
	at org.jetbrains.kotlin.ir.visitors.IrElementVisitorVoid$DefaultImpls.visitSimpleFunction(IrElementVisitorVoid.kt:144)
	at org.jetbrains.kotlin.backend.wasm.ir2wasm.DeclarationGenerator.visitSimpleFunction(DeclarationGenerator.kt:30)
	at org.jetbrains.kotlin.backend.wasm.ir2wasm.DeclarationGenerator.visitSimpleFunction(DeclarationGenerator.kt:30)
	at org.jetbrains.kotlin.ir.declarations.IrSimpleFunction.accept(IrSimpleFunction.kt:39)
	at org.jetbrains.kotlin.ir.visitors.IrVisitorsKt.acceptVoid(IrVisitors.kt:11)
	at org.jetbrains.kotlin.backend.wasm.ir2wasm.DeclarationGenerator.visitClass(DeclarationGenerator.kt:367)
	at org.jetbrains.kotlin.ir.visitors.IrElementVisitorVoid$DefaultImpls.visitClass(IrElementVisitorVoid.kt:48)


